<?xml version="1.0" encoding="UTF-8"?>
<testsuite xmlns:xsi="http://www.w3.org/2001/XMLSchema-instance" xsi:noNamespaceSchemaLocation="https://maven.apache.org/surefire/maven-surefire-plugin/xsd/surefire-test-report.xsd" name="com.example.testautowire.EcommerceApplicationTests" time="18.449" tests="1" errors="0" skipped="0" failures="0">
  <properties>
    <property name="java.specification.version" value="17"/>
    <property name="sun.cpu.isalist" value="amd64"/>
    <property name="sun.jnu.encoding" value="Cp1252"/>
    <property name="java.class.path" value="C:\Users\Bhanusivateja\OneDrive\Desktop\SPRINg_DIR\ECOMMERCE2\target\test-classes;C:\Users\Bhanusivateja\OneDrive\Desktop\SPRINg_DIR\ECOMMERCE2\target\classes;C:\Users\Bhanusivateja\.m2\repository\org\springframework\boot\spring-boot-starter-data-jdbc\2.7.13\spring-boot-starter-data-jdbc-2.7.13.jar;C:\Users\Bhanusivateja\.m2\repository\org\springframework\boot\spring-boot-starter-jdbc\2.7.13\spring-boot-starter-jdbc-2.7.13.jar;C:\Users\Bhanusivateja\.m2\repository\com\zaxxer\HikariCP\4.0.3\HikariCP-4.0.3.jar;C:\Users\Bhanusivateja\.m2\repository\org\springframework\spring-jdbc\5.3.28\spring-jdbc-5.3.28.jar;C:\Users\Bhanusivateja\.m2\repository\org\springframework\data\spring-data-jdbc\2.4.13\spring-data-jdbc-2.4.13.jar;C:\Users\Bhanusivateja\.m2\repository\org\springframework\data\spring-data-relational\2.4.13\spring-data-relational-2.4.13.jar;C:\Users\Bhanusivateja\.m2\repository\org\springframework\data\spring-data-commons\2.7.13\spring-data-commons-2.7.13.jar;C:\Users\Bhanusivateja\.m2\repository\org\springframework\spring-tx\5.3.28\spring-tx-5.3.28.jar;C:\Users\Bhanusivateja\.m2\repository\org\springframework\spring-context\5.3.28\spring-context-5.3.28.jar;C:\Users\Bhanusivateja\.m2\repository\org\springframework\spring-beans\5.3.28\spring-beans-5.3.28.jar;C:\Users\Bhanusivateja\.m2\repository\org\springframework\boot\spring-boot-starter-security\2.7.13\spring-boot-starter-security-2.7.13.jar;C:\Users\Bhanusivateja\.m2\repository\org\springframework\boot\spring-boot-starter\2.7.13\spring-boot-starter-2.7.13.jar;C:\Users\Bhanusivateja\.m2\repository\org\springframework\boot\spring-boot\2.7.13\spring-boot-2.7.13.jar;C:\Users\Bhanusivateja\.m2\repository\org\springframework\boot\spring-boot-autoconfigure\2.7.13\spring-boot-autoconfigure-2.7.13.jar;C:\Users\Bhanusivateja\.m2\repository\org\springframework\boot\spring-boot-starter-logging\2.7.13\spring-boot-starter-logging-2.7.13.jar;C:\Users\Bhanusivateja\.m2\repository\ch\qos\logback\logback-classic\1.2.12\logback-classic-1.2.12.jar;C:\Users\Bhanusivateja\.m2\repository\ch\qos\logback\logback-core\1.2.12\logback-core-1.2.12.jar;C:\Users\Bhanusivateja\.m2\repository\org\apache\logging\log4j\log4j-to-slf4j\2.17.2\log4j-to-slf4j-2.17.2.jar;C:\Users\Bhanusivateja\.m2\repository\org\apache\logging\log4j\log4j-api\2.17.2\log4j-api-2.17.2.jar;C:\Users\Bhanusivateja\.m2\repository\org\slf4j\jul-to-slf4j\1.7.36\jul-to-slf4j-1.7.36.jar;C:\Users\Bhanusivateja\.m2\repository\jakarta\annotation\jakarta.annotation-api\1.3.5\jakarta.annotation-api-1.3.5.jar;C:\Users\Bhanusivateja\.m2\repository\org\yaml\snakeyaml\1.30\snakeyaml-1.30.jar;C:\Users\Bhanusivateja\.m2\repository\org\springframework\spring-aop\5.3.28\spring-aop-5.3.28.jar;C:\Users\Bhanusivateja\.m2\repository\org\springframework\security\spring-security-config\5.7.9\spring-security-config-5.7.9.jar;C:\Users\Bhanusivateja\.m2\repository\org\springframework\security\spring-security-web\5.7.9\spring-security-web-5.7.9.jar;C:\Users\Bhanusivateja\.m2\repository\org\springframework\spring-expression\5.3.28\spring-expression-5.3.28.jar;C:\Users\Bhanusivateja\.m2\repository\org\springframework\boot\spring-boot-starter-web\2.7.13\spring-boot-starter-web-2.7.13.jar;C:\Users\Bhanusivateja\.m2\repository\org\springframework\boot\spring-boot-starter-json\2.7.13\spring-boot-starter-json-2.7.13.jar;C:\Users\Bhanusivateja\.m2\repository\com\fasterxml\jackson\datatype\jackson-datatype-jdk8\2.13.5\jackson-datatype-jdk8-2.13.5.jar;C:\Users\Bhanusivateja\.m2\repository\com\fasterxml\jackson\datatype\jackson-datatype-jsr310\2.13.5\jackson-datatype-jsr310-2.13.5.jar;C:\Users\Bhanusivateja\.m2\repository\com\fasterxml\jackson\module\jackson-module-parameter-names\2.13.5\jackson-module-parameter-names-2.13.5.jar;C:\Users\Bhanusivateja\.m2\repository\org\springframework\boot\spring-boot-starter-tomcat\2.7.13\spring-boot-starter-tomcat-2.7.13.jar;C:\Users\Bhanusivateja\.m2\repository\org\apache\tomcat\embed\tomcat-embed-core\9.0.76\tomcat-embed-core-9.0.76.jar;C:\Users\Bhanusivateja\.m2\repository\org\apache\tomcat\embed\tomcat-embed-el\9.0.76\tomcat-embed-el-9.0.76.jar;C:\Users\Bhanusivateja\.m2\repository\org\apache\tomcat\embed\tomcat-embed-websocket\9.0.76\tomcat-embed-websocket-9.0.76.jar;C:\Users\Bhanusivateja\.m2\repository\org\springframework\spring-web\5.3.28\spring-web-5.3.28.jar;C:\Users\Bhanusivateja\.m2\repository\org\springframework\spring-webmvc\5.3.28\spring-webmvc-5.3.28.jar;C:\Users\Bhanusivateja\.m2\repository\org\springframework\boot\spring-boot-starter-web-services\2.7.13\spring-boot-starter-web-services-2.7.13.jar;C:\Users\Bhanusivateja\.m2\repository\com\sun\xml\messaging\saaj\saaj-impl\1.5.3\saaj-impl-1.5.3.jar;C:\Users\Bhanusivateja\.m2\repository\jakarta\xml\soap\jakarta.xml.soap-api\1.4.2\jakarta.xml.soap-api-1.4.2.jar;C:\Users\Bhanusivateja\.m2\repository\org\jvnet\staxex\stax-ex\1.8.3\stax-ex-1.8.3.jar;C:\Users\Bhanusivateja\.m2\repository\com\sun\activation\jakarta.activation\1.2.2\jakarta.activation-1.2.2.jar;C:\Users\Bhanusivateja\.m2\repository\jakarta\xml\ws\jakarta.xml.ws-api\2.3.3\jakarta.xml.ws-api-2.3.3.jar;C:\Users\Bhanusivateja\.m2\repository\jakarta\jws\jakarta.jws-api\2.1.0\jakarta.jws-api-2.1.0.jar;C:\Users\Bhanusivateja\.m2\repository\org\springframework\spring-oxm\5.3.28\spring-oxm-5.3.28.jar;C:\Users\Bhanusivateja\.m2\repository\org\springframework\ws\spring-ws-core\3.1.6\spring-ws-core-3.1.6.jar;C:\Users\Bhanusivateja\.m2\repository\org\springframework\ws\spring-xml\3.1.6\spring-xml-3.1.6.jar;C:\Users\Bhanusivateja\.m2\repository\io\jsonwebtoken\jjwt\0.9.1\jjwt-0.9.1.jar;C:\Users\Bhanusivateja\.m2\repository\com\fasterxml\jackson\core\jackson-databind\2.13.5\jackson-databind-2.13.5.jar;C:\Users\Bhanusivateja\.m2\repository\com\fasterxml\jackson\core\jackson-annotations\2.13.5\jackson-annotations-2.13.5.jar;C:\Users\Bhanusivateja\.m2\repository\com\fasterxml\jackson\core\jackson-core\2.13.5\jackson-core-2.13.5.jar;C:\Users\Bhanusivateja\.m2\repository\com\mysql\mysql-connector-j\8.0.33\mysql-connector-j-8.0.33.jar;C:\Users\Bhanusivateja\.m2\repository\org\projectlombok\lombok\1.18.28\lombok-1.18.28.jar;C:\Users\Bhanusivateja\.m2\repository\org\springframework\boot\spring-boot-starter-test\2.7.13\spring-boot-starter-test-2.7.13.jar;C:\Users\Bhanusivateja\.m2\repository\org\springframework\boot\spring-boot-test\2.7.13\spring-boot-test-2.7.13.jar;C:\Users\Bhanusivateja\.m2\repository\org\springframework\boot\spring-boot-test-autoconfigure\2.7.13\spring-boot-test-autoconfigure-2.7.13.jar;C:\Users\Bhanusivateja\.m2\repository\com\jayway\jsonpath\json-path\2.7.0\json-path-2.7.0.jar;C:\Users\Bhanusivateja\.m2\repository\net\minidev\json-smart\2.4.11\json-smart-2.4.11.jar;C:\Users\Bhanusivateja\.m2\repository\net\minidev\accessors-smart\2.4.11\accessors-smart-2.4.11.jar;C:\Users\Bhanusivateja\.m2\repository\org\ow2\asm\asm\9.3\asm-9.3.jar;C:\Users\Bhanusivateja\.m2\repository\jakarta\xml\bind\jakarta.xml.bind-api\2.3.3\jakarta.xml.bind-api-2.3.3.jar;C:\Users\Bhanusivateja\.m2\repository\jakarta\activation\jakarta.activation-api\1.2.2\jakarta.activation-api-1.2.2.jar;C:\Users\Bhanusivateja\.m2\repository\org\assertj\assertj-core\3.22.0\assertj-core-3.22.0.jar;C:\Users\Bhanusivateja\.m2\repository\org\hamcrest\hamcrest\2.2\hamcrest-2.2.jar;C:\Users\Bhanusivateja\.m2\repository\org\junit\jupiter\junit-jupiter\5.8.2\junit-jupiter-5.8.2.jar;C:\Users\Bhanusivateja\.m2\repository\org\junit\jupiter\junit-jupiter-api\5.8.2\junit-jupiter-api-5.8.2.jar;C:\Users\Bhanusivateja\.m2\repository\org\opentest4j\opentest4j\1.2.0\opentest4j-1.2.0.jar;C:\Users\Bhanusivateja\.m2\repository\org\junit\platform\junit-platform-commons\1.8.2\junit-platform-commons-1.8.2.jar;C:\Users\Bhanusivateja\.m2\repository\org\apiguardian\apiguardian-api\1.1.2\apiguardian-api-1.1.2.jar;C:\Users\Bhanusivateja\.m2\repository\org\junit\jupiter\junit-jupiter-params\5.8.2\junit-jupiter-params-5.8.2.jar;C:\Users\Bhanusivateja\.m2\repository\org\junit\jupiter\junit-jupiter-engine\5.8.2\junit-jupiter-engine-5.8.2.jar;C:\Users\Bhanusivateja\.m2\repository\org\junit\platform\junit-platform-engine\1.8.2\junit-platform-engine-1.8.2.jar;C:\Users\Bhanusivateja\.m2\repository\org\mockito\mockito-core\4.5.1\mockito-core-4.5.1.jar;C:\Users\Bhanusivateja\.m2\repository\net\bytebuddy\byte-buddy\1.12.23\byte-buddy-1.12.23.jar;C:\Users\Bhanusivateja\.m2\repository\net\bytebuddy\byte-buddy-agent\1.12.23\byte-buddy-agent-1.12.23.jar;C:\Users\Bhanusivateja\.m2\repository\org\objenesis\objenesis\3.2\objenesis-3.2.jar;C:\Users\Bhanusivateja\.m2\repository\org\mockito\mockito-junit-jupiter\4.5.1\mockito-junit-jupiter-4.5.1.jar;C:\Users\Bhanusivateja\.m2\repository\org\skyscreamer\jsonassert\1.5.1\jsonassert-1.5.1.jar;C:\Users\Bhanusivateja\.m2\repository\com\vaadin\external\google\android-json\0.0.20131108.vaadin1\android-json-0.0.20131108.vaadin1.jar;C:\Users\Bhanusivateja\.m2\repository\org\springframework\spring-core\5.3.28\spring-core-5.3.28.jar;C:\Users\Bhanusivateja\.m2\repository\org\springframework\spring-jcl\5.3.28\spring-jcl-5.3.28.jar;C:\Users\Bhanusivateja\.m2\repository\org\springframework\spring-test\5.3.28\spring-test-5.3.28.jar;C:\Users\Bhanusivateja\.m2\repository\org\xmlunit\xmlunit-core\2.9.1\xmlunit-core-2.9.1.jar;C:\Users\Bhanusivateja\.m2\repository\org\springframework\security\spring-security-test\5.7.9\spring-security-test-5.7.9.jar;C:\Users\Bhanusivateja\.m2\repository\org\springframework\security\spring-security-core\5.7.9\spring-security-core-5.7.9.jar;C:\Users\Bhanusivateja\.m2\repository\org\springframework\security\spring-security-crypto\5.7.9\spring-security-crypto-5.7.9.jar;C:\Users\Bhanusivateja\.m2\repository\org\springframework\boot\spring-boot-starter-mail\2.7.13\spring-boot-starter-mail-2.7.13.jar;C:\Users\Bhanusivateja\.m2\repository\org\springframework\spring-context-support\5.3.28\spring-context-support-5.3.28.jar;C:\Users\Bhanusivateja\.m2\repository\com\sun\mail\jakarta.mail\1.6.7\jakarta.mail-1.6.7.jar;C:\Users\Bhanusivateja\.m2\repository\org\ehcache\ehcache\3.10.8\ehcache-3.10.8.jar;C:\Users\Bhanusivateja\.m2\repository\org\slf4j\slf4j-api\1.7.36\slf4j-api-1.7.36.jar;C:\Users\Bhanusivateja\.m2\repository\org\glassfish\jaxb\jaxb-runtime\2.3.8\jaxb-runtime-2.3.8.jar;C:\Users\Bhanusivateja\.m2\repository\org\glassfish\jaxb\txw2\2.3.8\txw2-2.3.8.jar;C:\Users\Bhanusivateja\.m2\repository\com\sun\istack\istack-commons-runtime\3.0.12\istack-commons-runtime-3.0.12.jar;C:\Users\Bhanusivateja\.m2\repository\javax\cache\cache-api\1.1.1\cache-api-1.1.1.jar;C:\Users\Bhanusivateja\.m2\repository\com\razorpay\razorpay-java\1.4.3\razorpay-java-1.4.3.jar;C:\Users\Bhanusivateja\.m2\repository\org\json\json\20180130\json-20180130.jar;C:\Users\Bhanusivateja\.m2\repository\com\squareup\okhttp3\okhttp\4.9.3\okhttp-4.9.3.jar;C:\Users\Bhanusivateja\.m2\repository\com\squareup\okio\okio\2.8.0\okio-2.8.0.jar;C:\Users\Bhanusivateja\.m2\repository\org\jetbrains\kotlin\kotlin-stdlib-common\1.6.21\kotlin-stdlib-common-1.6.21.jar;C:\Users\Bhanusivateja\.m2\repository\org\jetbrains\kotlin\kotlin-stdlib\1.6.21\kotlin-stdlib-1.6.21.jar;C:\Users\Bhanusivateja\.m2\repository\org\jetbrains\annotations\13.0\annotations-13.0.jar;C:\Users\Bhanusivateja\.m2\repository\com\squareup\okhttp3\logging-interceptor\4.9.3\logging-interceptor-4.9.3.jar;C:\Users\Bhanusivateja\.m2\repository\org\jetbrains\kotlin\kotlin-stdlib-jdk8\1.6.21\kotlin-stdlib-jdk8-1.6.21.jar;C:\Users\Bhanusivateja\.m2\repository\org\jetbrains\kotlin\kotlin-stdlib-jdk7\1.6.21\kotlin-stdlib-jdk7-1.6.21.jar;C:\Users\Bhanusivateja\.m2\repository\commons-codec\commons-codec\1.15\commons-codec-1.15.jar;C:\Users\Bhanusivateja\.m2\repository\org\apache\commons\commons-text\1.3\commons-text-1.3.jar;C:\Users\Bhanusivateja\.m2\repository\org\apache\commons\commons-lang3\3.12.0\commons-lang3-3.12.0.jar;"/>
    <property name="java.vm.vendor" value="Eclipse Adoptium"/>
    <property name="sun.arch.data.model" value="64"/>
    <property name="user.variant" value=""/>
    <property name="java.vendor.url" value="https://adoptium.net/"/>
    <property name="user.timezone" value="Asia/Calcutta"/>
    <property name="os.name" value="Windows 11"/>
    <property name="java.vm.specification.version" value="17"/>
    <property name="sun.java.launcher" value="SUN_STANDARD"/>
    <property name="user.country" value="IN"/>
    <property name="sun.boot.library.path" value="C:\Users\Bhanusivateja\Downloads\sts-4.17.2.RELEASE\plugins\org.eclipse.justj.openjdk.hotspot.jre.full.win32.x86_64_17.0.6.v20230125-1136\jre\bin"/>
    <property name="sun.java.command" value="C:\Users\Bhanusivateja\AppData\Local\Temp\surefire525663424917326081\surefirebooter9323903121898353547.jar C:\Users\Bhanusivateja\AppData\Local\Temp\surefire525663424917326081 2023-07-01T21-14-20_774-jvmRun1 surefire8982403178638504786tmp surefire_07348920496809000239tmp"/>
    <property name="jdk.debug" value="release"/>
    <property name="surefire.test.class.path" value="C:\Users\Bhanusivateja\OneDrive\Desktop\SPRINg_DIR\ECOMMERCE2\target\test-classes;C:\Users\Bhanusivateja\OneDrive\Desktop\SPRINg_DIR\ECOMMERCE2\target\classes;C:\Users\Bhanusivateja\.m2\repository\org\springframework\boot\spring-boot-starter-data-jdbc\2.7.13\spring-boot-starter-data-jdbc-2.7.13.jar;C:\Users\Bhanusivateja\.m2\repository\org\springframework\boot\spring-boot-starter-jdbc\2.7.13\spring-boot-starter-jdbc-2.7.13.jar;C:\Users\Bhanusivateja\.m2\repository\com\zaxxer\HikariCP\4.0.3\HikariCP-4.0.3.jar;C:\Users\Bhanusivateja\.m2\repository\org\springframework\spring-jdbc\5.3.28\spring-jdbc-5.3.28.jar;C:\Users\Bhanusivateja\.m2\repository\org\springframework\data\spring-data-jdbc\2.4.13\spring-data-jdbc-2.4.13.jar;C:\Users\Bhanusivateja\.m2\repository\org\springframework\data\spring-data-relational\2.4.13\spring-data-relational-2.4.13.jar;C:\Users\Bhanusivateja\.m2\repository\org\springframework\data\spring-data-commons\2.7.13\spring-data-commons-2.7.13.jar;C:\Users\Bhanusivateja\.m2\repository\org\springframework\spring-tx\5.3.28\spring-tx-5.3.28.jar;C:\Users\Bhanusivateja\.m2\repository\org\springframework\spring-context\5.3.28\spring-context-5.3.28.jar;C:\Users\Bhanusivateja\.m2\repository\org\springframework\spring-beans\5.3.28\spring-beans-5.3.28.jar;C:\Users\Bhanusivateja\.m2\repository\org\springframework\boot\spring-boot-starter-security\2.7.13\spring-boot-starter-security-2.7.13.jar;C:\Users\Bhanusivateja\.m2\repository\org\springframework\boot\spring-boot-starter\2.7.13\spring-boot-starter-2.7.13.jar;C:\Users\Bhanusivateja\.m2\repository\org\springframework\boot\spring-boot\2.7.13\spring-boot-2.7.13.jar;C:\Users\Bhanusivateja\.m2\repository\org\springframework\boot\spring-boot-autoconfigure\2.7.13\spring-boot-autoconfigure-2.7.13.jar;C:\Users\Bhanusivateja\.m2\repository\org\springframework\boot\spring-boot-starter-logging\2.7.13\spring-boot-starter-logging-2.7.13.jar;C:\Users\Bhanusivateja\.m2\repository\ch\qos\logback\logback-classic\1.2.12\logback-classic-1.2.12.jar;C:\Users\Bhanusivateja\.m2\repository\ch\qos\logback\logback-core\1.2.12\logback-core-1.2.12.jar;C:\Users\Bhanusivateja\.m2\repository\org\apache\logging\log4j\log4j-to-slf4j\2.17.2\log4j-to-slf4j-2.17.2.jar;C:\Users\Bhanusivateja\.m2\repository\org\apache\logging\log4j\log4j-api\2.17.2\log4j-api-2.17.2.jar;C:\Users\Bhanusivateja\.m2\repository\org\slf4j\jul-to-slf4j\1.7.36\jul-to-slf4j-1.7.36.jar;C:\Users\Bhanusivateja\.m2\repository\jakarta\annotation\jakarta.annotation-api\1.3.5\jakarta.annotation-api-1.3.5.jar;C:\Users\Bhanusivateja\.m2\repository\org\yaml\snakeyaml\1.30\snakeyaml-1.30.jar;C:\Users\Bhanusivateja\.m2\repository\org\springframework\spring-aop\5.3.28\spring-aop-5.3.28.jar;C:\Users\Bhanusivateja\.m2\repository\org\springframework\security\spring-security-config\5.7.9\spring-security-config-5.7.9.jar;C:\Users\Bhanusivateja\.m2\repository\org\springframework\security\spring-security-web\5.7.9\spring-security-web-5.7.9.jar;C:\Users\Bhanusivateja\.m2\repository\org\springframework\spring-expression\5.3.28\spring-expression-5.3.28.jar;C:\Users\Bhanusivateja\.m2\repository\org\springframework\boot\spring-boot-starter-web\2.7.13\spring-boot-starter-web-2.7.13.jar;C:\Users\Bhanusivateja\.m2\repository\org\springframework\boot\spring-boot-starter-json\2.7.13\spring-boot-starter-json-2.7.13.jar;C:\Users\Bhanusivateja\.m2\repository\com\fasterxml\jackson\datatype\jackson-datatype-jdk8\2.13.5\jackson-datatype-jdk8-2.13.5.jar;C:\Users\Bhanusivateja\.m2\repository\com\fasterxml\jackson\datatype\jackson-datatype-jsr310\2.13.5\jackson-datatype-jsr310-2.13.5.jar;C:\Users\Bhanusivateja\.m2\repository\com\fasterxml\jackson\module\jackson-module-parameter-names\2.13.5\jackson-module-parameter-names-2.13.5.jar;C:\Users\Bhanusivateja\.m2\repository\org\springframework\boot\spring-boot-starter-tomcat\2.7.13\spring-boot-starter-tomcat-2.7.13.jar;C:\Users\Bhanusivateja\.m2\repository\org\apache\tomcat\embed\tomcat-embed-core\9.0.76\tomcat-embed-core-9.0.76.jar;C:\Users\Bhanusivateja\.m2\repository\org\apache\tomcat\embed\tomcat-embed-el\9.0.76\tomcat-embed-el-9.0.76.jar;C:\Users\Bhanusivateja\.m2\repository\org\apache\tomcat\embed\tomcat-embed-websocket\9.0.76\tomcat-embed-websocket-9.0.76.jar;C:\Users\Bhanusivateja\.m2\repository\org\springframework\spring-web\5.3.28\spring-web-5.3.28.jar;C:\Users\Bhanusivateja\.m2\repository\org\springframework\spring-webmvc\5.3.28\spring-webmvc-5.3.28.jar;C:\Users\Bhanusivateja\.m2\repository\org\springframework\boot\spring-boot-starter-web-services\2.7.13\spring-boot-starter-web-services-2.7.13.jar;C:\Users\Bhanusivateja\.m2\repository\com\sun\xml\messaging\saaj\saaj-impl\1.5.3\saaj-impl-1.5.3.jar;C:\Users\Bhanusivateja\.m2\repository\jakarta\xml\soap\jakarta.xml.soap-api\1.4.2\jakarta.xml.soap-api-1.4.2.jar;C:\Users\Bhanusivateja\.m2\repository\org\jvnet\staxex\stax-ex\1.8.3\stax-ex-1.8.3.jar;C:\Users\Bhanusivateja\.m2\repository\com\sun\activation\jakarta.activation\1.2.2\jakarta.activation-1.2.2.jar;C:\Users\Bhanusivateja\.m2\repository\jakarta\xml\ws\jakarta.xml.ws-api\2.3.3\jakarta.xml.ws-api-2.3.3.jar;C:\Users\Bhanusivateja\.m2\repository\jakarta\jws\jakarta.jws-api\2.1.0\jakarta.jws-api-2.1.0.jar;C:\Users\Bhanusivateja\.m2\repository\org\springframework\spring-oxm\5.3.28\spring-oxm-5.3.28.jar;C:\Users\Bhanusivateja\.m2\repository\org\springframework\ws\spring-ws-core\3.1.6\spring-ws-core-3.1.6.jar;C:\Users\Bhanusivateja\.m2\repository\org\springframework\ws\spring-xml\3.1.6\spring-xml-3.1.6.jar;C:\Users\Bhanusivateja\.m2\repository\io\jsonwebtoken\jjwt\0.9.1\jjwt-0.9.1.jar;C:\Users\Bhanusivateja\.m2\repository\com\fasterxml\jackson\core\jackson-databind\2.13.5\jackson-databind-2.13.5.jar;C:\Users\Bhanusivateja\.m2\repository\com\fasterxml\jackson\core\jackson-annotations\2.13.5\jackson-annotations-2.13.5.jar;C:\Users\Bhanusivateja\.m2\repository\com\fasterxml\jackson\core\jackson-core\2.13.5\jackson-core-2.13.5.jar;C:\Users\Bhanusivateja\.m2\repository\com\mysql\mysql-connector-j\8.0.33\mysql-connector-j-8.0.33.jar;C:\Users\Bhanusivateja\.m2\repository\org\projectlombok\lombok\1.18.28\lombok-1.18.28.jar;C:\Users\Bhanusivateja\.m2\repository\org\springframework\boot\spring-boot-starter-test\2.7.13\spring-boot-starter-test-2.7.13.jar;C:\Users\Bhanusivateja\.m2\repository\org\springframework\boot\spring-boot-test\2.7.13\spring-boot-test-2.7.13.jar;C:\Users\Bhanusivateja\.m2\repository\org\springframework\boot\spring-boot-test-autoconfigure\2.7.13\spring-boot-test-autoconfigure-2.7.13.jar;C:\Users\Bhanusivateja\.m2\repository\com\jayway\jsonpath\json-path\2.7.0\json-path-2.7.0.jar;C:\Users\Bhanusivateja\.m2\repository\net\minidev\json-smart\2.4.11\json-smart-2.4.11.jar;C:\Users\Bhanusivateja\.m2\repository\net\minidev\accessors-smart\2.4.11\accessors-smart-2.4.11.jar;C:\Users\Bhanusivateja\.m2\repository\org\ow2\asm\asm\9.3\asm-9.3.jar;C:\Users\Bhanusivateja\.m2\repository\jakarta\xml\bind\jakarta.xml.bind-api\2.3.3\jakarta.xml.bind-api-2.3.3.jar;C:\Users\Bhanusivateja\.m2\repository\jakarta\activation\jakarta.activation-api\1.2.2\jakarta.activation-api-1.2.2.jar;C:\Users\Bhanusivateja\.m2\repository\org\assertj\assertj-core\3.22.0\assertj-core-3.22.0.jar;C:\Users\Bhanusivateja\.m2\repository\org\hamcrest\hamcrest\2.2\hamcrest-2.2.jar;C:\Users\Bhanusivateja\.m2\repository\org\junit\jupiter\junit-jupiter\5.8.2\junit-jupiter-5.8.2.jar;C:\Users\Bhanusivateja\.m2\repository\org\junit\jupiter\junit-jupiter-api\5.8.2\junit-jupiter-api-5.8.2.jar;C:\Users\Bhanusivateja\.m2\repository\org\opentest4j\opentest4j\1.2.0\opentest4j-1.2.0.jar;C:\Users\Bhanusivateja\.m2\repository\org\junit\platform\junit-platform-commons\1.8.2\junit-platform-commons-1.8.2.jar;C:\Users\Bhanusivateja\.m2\repository\org\apiguardian\apiguardian-api\1.1.2\apiguardian-api-1.1.2.jar;C:\Users\Bhanusivateja\.m2\repository\org\junit\jupiter\junit-jupiter-params\5.8.2\junit-jupiter-params-5.8.2.jar;C:\Users\Bhanusivateja\.m2\repository\org\junit\jupiter\junit-jupiter-engine\5.8.2\junit-jupiter-engine-5.8.2.jar;C:\Users\Bhanusivateja\.m2\repository\org\junit\platform\junit-platform-engine\1.8.2\junit-platform-engine-1.8.2.jar;C:\Users\Bhanusivateja\.m2\repository\org\mockito\mockito-core\4.5.1\mockito-core-4.5.1.jar;C:\Users\Bhanusivateja\.m2\repository\net\bytebuddy\byte-buddy\1.12.23\byte-buddy-1.12.23.jar;C:\Users\Bhanusivateja\.m2\repository\net\bytebuddy\byte-buddy-agent\1.12.23\byte-buddy-agent-1.12.23.jar;C:\Users\Bhanusivateja\.m2\repository\org\objenesis\objenesis\3.2\objenesis-3.2.jar;C:\Users\Bhanusivateja\.m2\repository\org\mockito\mockito-junit-jupiter\4.5.1\mockito-junit-jupiter-4.5.1.jar;C:\Users\Bhanusivateja\.m2\repository\org\skyscreamer\jsonassert\1.5.1\jsonassert-1.5.1.jar;C:\Users\Bhanusivateja\.m2\repository\com\vaadin\external\google\android-json\0.0.20131108.vaadin1\android-json-0.0.20131108.vaadin1.jar;C:\Users\Bhanusivateja\.m2\repository\org\springframework\spring-core\5.3.28\spring-core-5.3.28.jar;C:\Users\Bhanusivateja\.m2\repository\org\springframework\spring-jcl\5.3.28\spring-jcl-5.3.28.jar;C:\Users\Bhanusivateja\.m2\repository\org\springframework\spring-test\5.3.28\spring-test-5.3.28.jar;C:\Users\Bhanusivateja\.m2\repository\org\xmlunit\xmlunit-core\2.9.1\xmlunit-core-2.9.1.jar;C:\Users\Bhanusivateja\.m2\repository\org\springframework\security\spring-security-test\5.7.9\spring-security-test-5.7.9.jar;C:\Users\Bhanusivateja\.m2\repository\org\springframework\security\spring-security-core\5.7.9\spring-security-core-5.7.9.jar;C:\Users\Bhanusivateja\.m2\repository\org\springframework\security\spring-security-crypto\5.7.9\spring-security-crypto-5.7.9.jar;C:\Users\Bhanusivateja\.m2\repository\org\springframework\boot\spring-boot-starter-mail\2.7.13\spring-boot-starter-mail-2.7.13.jar;C:\Users\Bhanusivateja\.m2\repository\org\springframework\spring-context-support\5.3.28\spring-context-support-5.3.28.jar;C:\Users\Bhanusivateja\.m2\repository\com\sun\mail\jakarta.mail\1.6.7\jakarta.mail-1.6.7.jar;C:\Users\Bhanusivateja\.m2\repository\org\ehcache\ehcache\3.10.8\ehcache-3.10.8.jar;C:\Users\Bhanusivateja\.m2\repository\org\slf4j\slf4j-api\1.7.36\slf4j-api-1.7.36.jar;C:\Users\Bhanusivateja\.m2\repository\org\glassfish\jaxb\jaxb-runtime\2.3.8\jaxb-runtime-2.3.8.jar;C:\Users\Bhanusivateja\.m2\repository\org\glassfish\jaxb\txw2\2.3.8\txw2-2.3.8.jar;C:\Users\Bhanusivateja\.m2\repository\com\sun\istack\istack-commons-runtime\3.0.12\istack-commons-runtime-3.0.12.jar;C:\Users\Bhanusivateja\.m2\repository\javax\cache\cache-api\1.1.1\cache-api-1.1.1.jar;C:\Users\Bhanusivateja\.m2\repository\com\razorpay\razorpay-java\1.4.3\razorpay-java-1.4.3.jar;C:\Users\Bhanusivateja\.m2\repository\org\json\json\20180130\json-20180130.jar;C:\Users\Bhanusivateja\.m2\repository\com\squareup\okhttp3\okhttp\4.9.3\okhttp-4.9.3.jar;C:\Users\Bhanusivateja\.m2\repository\com\squareup\okio\okio\2.8.0\okio-2.8.0.jar;C:\Users\Bhanusivateja\.m2\repository\org\jetbrains\kotlin\kotlin-stdlib-common\1.6.21\kotlin-stdlib-common-1.6.21.jar;C:\Users\Bhanusivateja\.m2\repository\org\jetbrains\kotlin\kotlin-stdlib\1.6.21\kotlin-stdlib-1.6.21.jar;C:\Users\Bhanusivateja\.m2\repository\org\jetbrains\annotations\13.0\annotations-13.0.jar;C:\Users\Bhanusivateja\.m2\repository\com\squareup\okhttp3\logging-interceptor\4.9.3\logging-interceptor-4.9.3.jar;C:\Users\Bhanusivateja\.m2\repository\org\jetbrains\kotlin\kotlin-stdlib-jdk8\1.6.21\kotlin-stdlib-jdk8-1.6.21.jar;C:\Users\Bhanusivateja\.m2\repository\org\jetbrains\kotlin\kotlin-stdlib-jdk7\1.6.21\kotlin-stdlib-jdk7-1.6.21.jar;C:\Users\Bhanusivateja\.m2\repository\commons-codec\commons-codec\1.15\commons-codec-1.15.jar;C:\Users\Bhanusivateja\.m2\repository\org\apache\commons\commons-text\1.3\commons-text-1.3.jar;C:\Users\Bhanusivateja\.m2\repository\org\apache\commons\commons-lang3\3.12.0\commons-lang3-3.12.0.jar;"/>
    <property name="sun.cpu.endian" value="little"/>
    <property name="user.home" value="C:\Users\Bhanusivateja"/>
    <property name="user.language" value="en"/>
    <property name="java.specification.vendor" value="Oracle Corporation"/>
    <property name="java.version.date" value="2023-01-17"/>
    <property name="java.home" value="C:\Users\Bhanusivateja\Downloads\sts-4.17.2.RELEASE\plugins\org.eclipse.justj.openjdk.hotspot.jre.full.win32.x86_64_17.0.6.v20230125-1136\jre"/>
    <property name="file.separator" value="\"/>
    <property name="style.color" value="always"/>
    <property name="basedir" value="C:\Users\Bhanusivateja\OneDrive\Desktop\SPRINg_DIR\ECOMMERCE2"/>
    <property name="java.vm.compressedOopsMode" value="32-bit"/>
    <property name="line.separator" value="&#10;"/>
    <property name="java.vm.specification.vendor" value="Oracle Corporation"/>
    <property name="java.specification.name" value="Java Platform API Specification"/>
    <property name="surefire.real.class.path" value="C:\Users\Bhanusivateja\AppData\Local\Temp\surefire525663424917326081\surefirebooter9323903121898353547.jar"/>
    <property name="user.script" value=""/>
    <property name="sun.management.compiler" value="HotSpot 64-Bit Tiered Compilers"/>
    <property name="java.runtime.version" value="17.0.6+10"/>
    <property name="user.name" value="Bhanusivateja"/>
    <property name="path.separator" value=";"/>
    <property name="os.version" value="10.0"/>
    <property name="java.runtime.name" value="OpenJDK Runtime Environment"/>
    <property name="file.encoding" value="Cp1252"/>
    <property name="java.vm.name" value="OpenJDK 64-Bit Server VM"/>
    <property name="java.vendor.version" value="Temurin-17.0.6+10"/>
    <property name="localRepository" value="C:\Users\Bhanusivateja\.m2\repository"/>
    <property name="java.vendor.url.bug" value="https://github.com/adoptium/adoptium-support/issues"/>
    <property name="java.io.tmpdir" value="C:\Users\Bhanusivateja\AppData\Local\Temp\"/>
    <property name="java.version" value="17.0.6"/>
    <property name="user.dir" value="C:\Users\Bhanusivateja\OneDrive\Desktop\SPRINg_DIR\ECOMMERCE2"/>
    <property name="os.arch" value="amd64"/>
    <property name="java.vm.specification.name" value="Java Virtual Machine Specification"/>
    <property name="sun.os.patch.level" value=""/>
    <property name="native.encoding" value="Cp1252"/>
    <property name="java.library.path" value="C:\Users\Bhanusivateja\Downloads\sts-4.17.2.RELEASE\plugins\org.eclipse.justj.openjdk.hotspot.jre.full.win32.x86_64_17.0.6.v20230125-1136\jre\bin;C:\WINDOWS\Sun\Java\bin;C:\WINDOWS\system32;C:\WINDOWS;C:/Users/Bhanusivateja/Downloads/sts-4.17.2.RELEASE//plugins/org.eclipse.justj.openjdk.hotspot.jre.full.win32.x86_64_17.0.6.v20230125-1136/jre/bin/server;C:/Users/Bhanusivateja/Downloads/sts-4.17.2.RELEASE//plugins/org.eclipse.justj.openjdk.hotspot.jre.full.win32.x86_64_17.0.6.v20230125-1136/jre/bin;C:\Python311\Scripts\;C:\Python311\;C:\oraclexe\app\oracle\product\10.2.0\server\bin;C:\Program Files\Microsoft\jdk-11.0.12.7-hotspot\bin;C:\Program Files\PowerShell\7-preview\preview;C:\Program Files\Common Files\Oracle\Java\javapath;C:\JAVA\jdk1.7.0_45\bin;C:\Windows\system32;C:\Windows;C:\Windows\System32\Wbem;C:\Windows\System32\WindowsPowerShell\v1.0\;C:\Program Files\Java\jdk-16\bin;C:\metasploit-framework\bin\;C:\Program Files\dotnet\;C:\WINDOWS\system32;C:\WINDOWS;C:\WINDOWS\System32\Wbem;C:\WINDOWS\System32\WindowsPowerShell\v1.0\;C:\WINDOWS\System32\OpenSSH\;C:\Program Files\Git\cmd;C:\ProgramData\chocolatey\bin;C:\Program Files\nodejs\;C:\Users\Bhanusivateja\AppData\Local\Microsoft\WindowsApps;C:\Users\Bhanusivateja\AppData\Local\Programs\Microsoft VS Code Insiders\bin;C:\Program Files (x86)\Apache Software Foundation\Tomcat 9.0\lib;C:\MinGW\bin;C:\Users\Bhanusivateja\AppData\Local\Programs\Microsoft VS Code\bin;C:\Program Files\JetBrains\IntelliJ IDEA 2021.2.3\bin;;C:\Users\Bhanusivateja\.dotnet\tools;;C:\Users\Bhanusivateja\AppData\Local\Programs\Filestar;C:\Users\Bhanusivateja\AppData\Roaming\Filestar\aliases;C:\Users\Bhanusivateja\AppData\Roaming\npm;C:\Users\Bhanusivateja\Downloads\sts-4.17.2.RELEASE;;."/>
    <property name="java.vm.info" value="mixed mode"/>
    <property name="java.vendor" value="Eclipse Adoptium"/>
    <property name="java.vm.version" value="17.0.6+10"/>
    <property name="sun.io.unicode.encoding" value="UnicodeLittle"/>
    <property name="java.class.version" value="61.0"/>
  </properties>
  <testcase name="contextLoads" classname="com.example.testautowire.EcommerceApplicationTests" time="1.595"/>
</testsuite>